CRITICAL - 2024-12-02 06:36:15 --> Error: Class "App\Models\Pemasukan" not found
[Method: GET, Route: pemasukan]
in APPPATH\Controllers\PemasukanController.php on line 12.
 1 SYSTEMPATH\CodeIgniter.php(903): App\Controllers\PemasukanController->__construct()
 2 SYSTEMPATH\CodeIgniter.php(500): CodeIgniter\CodeIgniter->createController()
 3 SYSTEMPATH\CodeIgniter.php(355): CodeIgniter\CodeIgniter->handleRequest(null, Object(Config\Cache), false)
 4 SYSTEMPATH\Boot.php(325): CodeIgniter\CodeIgniter->run()
 5 SYSTEMPATH\Boot.php(67): CodeIgniter\Boot::runCodeIgniter(Object(CodeIgniter\CodeIgniter))
 6 FCPATH\index.php(56): CodeIgniter\Boot::bootWeb(Object(Config\Paths))
 7 SYSTEMPATH\rewrite.php(44): require_once('C:\\Users\\Asus\\Documents\\siskeu-lab\\public\\index.php')
INFO - 2024-12-02 06:40:32 --> Session: Class initialized using 'CodeIgniter\Session\Handlers\FileHandler' driver.
CRITICAL - 2024-12-02 06:40:32 --> ErrorException: Undefined array key "name"
[Method: GET, Route: pemasukan]
in APPPATH\Views\VPemasukan\index.php on line 46.
 1 APPPATH\Views\VPemasukan\index.php(46): CodeIgniter\Debug\Exceptions->errorHandler(2, 'Undefined array key "name"', 'C:\\Users\\Asus\\Documents\\siskeu-lab\\app\\Views\\VPemasukan\\index.php', 46)
 2 SYSTEMPATH\View\View.php(234): include('C:\\Users\\Asus\\Documents\\siskeu-lab\\app\\Views\\VPemasukan\\index.php')
 3 SYSTEMPATH\View\View.php(237): CodeIgniter\View\View->CodeIgniter\View\{closure}()
 4 SYSTEMPATH\Common.php(1171): CodeIgniter\View\View->render('vpemasukan/index', [], true)
 5 APPPATH\Controllers\PemasukanController.php(20): view('vpemasukan/index', [...])
 6 SYSTEMPATH\CodeIgniter.php(933): App\Controllers\PemasukanController->index()
 7 SYSTEMPATH\CodeIgniter.php(509): CodeIgniter\CodeIgniter->runController(Object(App\Controllers\PemasukanController))
 8 SYSTEMPATH\CodeIgniter.php(355): CodeIgniter\CodeIgniter->handleRequest(null, Object(Config\Cache), false)
 9 SYSTEMPATH\Boot.php(325): CodeIgniter\CodeIgniter->run()
10 SYSTEMPATH\Boot.php(67): CodeIgniter\Boot::runCodeIgniter(Object(CodeIgniter\CodeIgniter))
11 FCPATH\index.php(56): CodeIgniter\Boot::bootWeb(Object(Config\Paths))
12 SYSTEMPATH\rewrite.php(44): require_once('C:\\Users\\Asus\\Documents\\siskeu-lab\\public\\index.php')
INFO - 2024-12-02 06:41:33 --> Session: Class initialized using 'CodeIgniter\Session\Handlers\FileHandler' driver.
CRITICAL - 2024-12-02 06:41:33 --> CodeIgniter\View\Exceptions\ViewException: Invalid file: "layouts.php"
[Method: GET, Route: pemasukan]
in SYSTEMPATH\Exceptions\FrameworkException.php on line 41.
 1 SYSTEMPATH\View\View.php(222): CodeIgniter\Exceptions\FrameworkException::forInvalidFile('layouts.php')
 2 SYSTEMPATH\View\View.php(250): CodeIgniter\View\View->render('layouts', [], true)
 3 SYSTEMPATH\Common.php(1171): CodeIgniter\View\View->render('vpemasukan/index', [], true)
 4 APPPATH\Controllers\PemasukanController.php(20): view('vpemasukan/index', [...])
 5 SYSTEMPATH\CodeIgniter.php(933): App\Controllers\PemasukanController->index()
 6 SYSTEMPATH\CodeIgniter.php(509): CodeIgniter\CodeIgniter->runController(Object(App\Controllers\PemasukanController))
 7 SYSTEMPATH\CodeIgniter.php(355): CodeIgniter\CodeIgniter->handleRequest(null, Object(Config\Cache), false)
 8 SYSTEMPATH\Boot.php(325): CodeIgniter\CodeIgniter->run()
 9 SYSTEMPATH\Boot.php(67): CodeIgniter\Boot::runCodeIgniter(Object(CodeIgniter\CodeIgniter))
10 FCPATH\index.php(56): CodeIgniter\Boot::bootWeb(Object(Config\Paths))
11 SYSTEMPATH\rewrite.php(44): require_once('C:\\Users\\Asus\\Documents\\siskeu-lab\\public\\index.php')
INFO - 2024-12-02 06:42:49 --> Session: Class initialized using 'CodeIgniter\Session\Handlers\FileHandler' driver.
INFO - 2024-12-02 06:45:05 --> Session: Class initialized using 'CodeIgniter\Session\Handlers\FileHandler' driver.
INFO - 2024-12-02 06:46:48 --> Session: Class initialized using 'CodeIgniter\Session\Handlers\FileHandler' driver.
INFO - 2024-12-02 06:47:12 --> Session: Class initialized using 'CodeIgniter\Session\Handlers\FileHandler' driver.
INFO - 2024-12-02 06:47:12 --> Session: Class initialized using 'CodeIgniter\Session\Handlers\FileHandler' driver.
INFO - 2024-12-02 07:44:05 --> Session: Class initialized using 'CodeIgniter\Session\Handlers\FileHandler' driver.
INFO - 2024-12-02 07:44:20 --> Session: Class initialized using 'CodeIgniter\Session\Handlers\FileHandler' driver.
INFO - 2024-12-02 07:47:09 --> Session: Class initialized using 'CodeIgniter\Session\Handlers\FileHandler' driver.
INFO - 2024-12-02 07:52:52 --> Session: Class initialized using 'CodeIgniter\Session\Handlers\FileHandler' driver.
INFO - 2024-12-02 07:55:30 --> Session: Class initialized using 'CodeIgniter\Session\Handlers\FileHandler' driver.
INFO - 2024-12-02 07:55:41 --> Session: Class initialized using 'CodeIgniter\Session\Handlers\FileHandler' driver.
INFO - 2024-12-02 07:55:41 --> Session: Class initialized using 'CodeIgniter\Session\Handlers\FileHandler' driver.
INFO - 2024-12-02 07:56:41 --> Session: Class initialized using 'CodeIgniter\Session\Handlers\FileHandler' driver.
INFO - 2024-12-02 08:01:00 --> Session: Class initialized using 'CodeIgniter\Session\Handlers\FileHandler' driver.
INFO - 2024-12-02 11:19:54 --> Session: Class initialized using 'CodeIgniter\Session\Handlers\FileHandler' driver.
INFO - 2024-12-02 11:19:59 --> Session: Class initialized using 'CodeIgniter\Session\Handlers\FileHandler' driver.
INFO - 2024-12-02 11:40:12 --> Session: Class initialized using 'CodeIgniter\Session\Handlers\FileHandler' driver.
INFO - 2024-12-02 11:40:45 --> Session: Class initialized using 'CodeIgniter\Session\Handlers\FileHandler' driver.
INFO - 2024-12-02 11:40:45 --> Session: Class initialized using 'CodeIgniter\Session\Handlers\FileHandler' driver.
INFO - 2024-12-02 11:41:20 --> Session: Class initialized using 'CodeIgniter\Session\Handlers\FileHandler' driver.
INFO - 2024-12-02 11:41:35 --> Session: Class initialized using 'CodeIgniter\Session\Handlers\FileHandler' driver.
INFO - 2024-12-02 11:41:35 --> Session: Class initialized using 'CodeIgniter\Session\Handlers\FileHandler' driver.
ERROR - 2024-12-02 11:58:14 --> Error connecting to the database: mysqli_sql_exception: No connection could be made because the target machine actively refused it in C:\Users\Asus\Documents\siskeu-lab\system\Database\MySQLi\Connection.php:186
Stack trace:
#0 C:\Users\Asus\Documents\siskeu-lab\system\Database\MySQLi\Connection.php(186): mysqli->real_connect('localhost', 'root', Object(SensitiveParameterValue), 'siskeu', 3306, '', 0)
#1 C:\Users\Asus\Documents\siskeu-lab\system\Database\BaseConnection.php(421): CodeIgniter\Database\MySQLi\Connection->connect(false)
#2 C:\Users\Asus\Documents\siskeu-lab\system\Database\BaseConnection.php(616): CodeIgniter\Database\BaseConnection->initialize()
#3 C:\Users\Asus\Documents\siskeu-lab\system\Database\BaseBuilder.php(1644): CodeIgniter\Database\BaseConnection->query('SELECT *\nFROM `...', Array, false)
#4 C:\Users\Asus\Documents\siskeu-lab\system\Model.php(286): CodeIgniter\Database\BaseBuilder->get()
#5 C:\Users\Asus\Documents\siskeu-lab\system\BaseModel.php(676): CodeIgniter\Model->doFindAll(0, 0)
#6 C:\Users\Asus\Documents\siskeu-lab\app\Controllers\PengeluaranController.php(18): CodeIgniter\BaseModel->findAll()
#7 C:\Users\Asus\Documents\siskeu-lab\system\CodeIgniter.php(933): App\Controllers\PengeluaranController->index()
#8 C:\Users\Asus\Documents\siskeu-lab\system\CodeIgniter.php(509): CodeIgniter\CodeIgniter->runController(Object(App\Controllers\PengeluaranController))
#9 C:\Users\Asus\Documents\siskeu-lab\system\CodeIgniter.php(355): CodeIgniter\CodeIgniter->handleRequest(NULL, Object(Config\Cache), false)
#10 C:\Users\Asus\Documents\siskeu-lab\system\Boot.php(325): CodeIgniter\CodeIgniter->run()
#11 C:\Users\Asus\Documents\siskeu-lab\system\Boot.php(67): CodeIgniter\Boot::runCodeIgniter(Object(CodeIgniter\CodeIgniter))
#12 C:\Users\Asus\Documents\siskeu-lab\public\index.php(56): CodeIgniter\Boot::bootWeb(Object(Config\Paths))
#13 C:\Users\Asus\Documents\siskeu-lab\system\rewrite.php(44): require_once('C:\\Users\\Asus\\D...')
#14 {main}

Next CodeIgniter\Database\Exceptions\DatabaseException: No connection could be made because the target machine actively refused it in C:\Users\Asus\Documents\siskeu-lab\system\Database\MySQLi\Connection.php:231
Stack trace:
#0 C:\Users\Asus\Documents\siskeu-lab\system\Database\BaseConnection.php(421): CodeIgniter\Database\MySQLi\Connection->connect(false)
#1 C:\Users\Asus\Documents\siskeu-lab\system\Database\BaseConnection.php(616): CodeIgniter\Database\BaseConnection->initialize()
#2 C:\Users\Asus\Documents\siskeu-lab\system\Database\BaseBuilder.php(1644): CodeIgniter\Database\BaseConnection->query('SELECT *\nFROM `...', Array, false)
#3 C:\Users\Asus\Documents\siskeu-lab\system\Model.php(286): CodeIgniter\Database\BaseBuilder->get()
#4 C:\Users\Asus\Documents\siskeu-lab\system\BaseModel.php(676): CodeIgniter\Model->doFindAll(0, 0)
#5 C:\Users\Asus\Documents\siskeu-lab\app\Controllers\PengeluaranController.php(18): CodeIgniter\BaseModel->findAll()
#6 C:\Users\Asus\Documents\siskeu-lab\system\CodeIgniter.php(933): App\Controllers\PengeluaranController->index()
#7 C:\Users\Asus\Documents\siskeu-lab\system\CodeIgniter.php(509): CodeIgniter\CodeIgniter->runController(Object(App\Controllers\PengeluaranController))
#8 C:\Users\Asus\Documents\siskeu-lab\system\CodeIgniter.php(355): CodeIgniter\CodeIgniter->handleRequest(NULL, Object(Config\Cache), false)
#9 C:\Users\Asus\Documents\siskeu-lab\system\Boot.php(325): CodeIgniter\CodeIgniter->run()
#10 C:\Users\Asus\Documents\siskeu-lab\system\Boot.php(67): CodeIgniter\Boot::runCodeIgniter(Object(CodeIgniter\CodeIgniter))
#11 C:\Users\Asus\Documents\siskeu-lab\public\index.php(56): CodeIgniter\Boot::bootWeb(Object(Config\Paths))
#12 C:\Users\Asus\Documents\siskeu-lab\system\rewrite.php(44): require_once('C:\\Users\\Asus\\D...')
#13 {main}
CRITICAL - 2024-12-02 11:58:14 --> CodeIgniter\Database\Exceptions\DatabaseException: Unable to connect to the database.
Main connection [MySQLi]: No connection could be made because the target machine actively refused it
[Method: GET, Route: pengeluaran]
in SYSTEMPATH\Database\BaseConnection.php on line 467.
 1 SYSTEMPATH\Database\BaseConnection.php(616): CodeIgniter\Database\BaseConnection->initialize()
 2 SYSTEMPATH\Database\BaseBuilder.php(1644): CodeIgniter\Database\BaseConnection->query('SELECT *
FROM `pengeluaran`', [], false)
 3 SYSTEMPATH\Model.php(286): CodeIgniter\Database\BaseBuilder->get()
 4 SYSTEMPATH\BaseModel.php(676): CodeIgniter\Model->doFindAll(0, 0)
 5 APPPATH\Controllers\PengeluaranController.php(18): CodeIgniter\BaseModel->findAll()
 6 SYSTEMPATH\CodeIgniter.php(933): App\Controllers\PengeluaranController->index()
 7 SYSTEMPATH\CodeIgniter.php(509): CodeIgniter\CodeIgniter->runController(Object(App\Controllers\PengeluaranController))
 8 SYSTEMPATH\CodeIgniter.php(355): CodeIgniter\CodeIgniter->handleRequest(null, Object(Config\Cache), false)
 9 SYSTEMPATH\Boot.php(325): CodeIgniter\CodeIgniter->run()
10 SYSTEMPATH\Boot.php(67): CodeIgniter\Boot::runCodeIgniter(Object(CodeIgniter\CodeIgniter))
11 FCPATH\index.php(56): CodeIgniter\Boot::bootWeb(Object(Config\Paths))
12 SYSTEMPATH\rewrite.php(44): require_once('C:\\Users\\Asus\\Documents\\siskeu-lab\\public\\index.php')
ERROR - 2024-12-02 11:58:23 --> Error connecting to the database: mysqli_sql_exception: No connection could be made because the target machine actively refused it in C:\Users\Asus\Documents\siskeu-lab\system\Database\MySQLi\Connection.php:186
Stack trace:
#0 C:\Users\Asus\Documents\siskeu-lab\system\Database\MySQLi\Connection.php(186): mysqli->real_connect('localhost', 'root', Object(SensitiveParameterValue), 'siskeu', 3306, '', 0)
#1 C:\Users\Asus\Documents\siskeu-lab\system\Database\BaseConnection.php(421): CodeIgniter\Database\MySQLi\Connection->connect(false)
#2 C:\Users\Asus\Documents\siskeu-lab\system\Database\BaseConnection.php(616): CodeIgniter\Database\BaseConnection->initialize()
#3 C:\Users\Asus\Documents\siskeu-lab\system\Database\BaseBuilder.php(1644): CodeIgniter\Database\BaseConnection->query('SELECT *\nFROM `...', Array, false)
#4 C:\Users\Asus\Documents\siskeu-lab\system\Model.php(286): CodeIgniter\Database\BaseBuilder->get()
#5 C:\Users\Asus\Documents\siskeu-lab\system\BaseModel.php(676): CodeIgniter\Model->doFindAll(0, 0)
#6 C:\Users\Asus\Documents\siskeu-lab\app\Controllers\PengeluaranController.php(18): CodeIgniter\BaseModel->findAll()
#7 C:\Users\Asus\Documents\siskeu-lab\system\CodeIgniter.php(933): App\Controllers\PengeluaranController->index()
#8 C:\Users\Asus\Documents\siskeu-lab\system\CodeIgniter.php(509): CodeIgniter\CodeIgniter->runController(Object(App\Controllers\PengeluaranController))
#9 C:\Users\Asus\Documents\siskeu-lab\system\CodeIgniter.php(355): CodeIgniter\CodeIgniter->handleRequest(NULL, Object(Config\Cache), false)
#10 C:\Users\Asus\Documents\siskeu-lab\system\Boot.php(325): CodeIgniter\CodeIgniter->run()
#11 C:\Users\Asus\Documents\siskeu-lab\system\Boot.php(67): CodeIgniter\Boot::runCodeIgniter(Object(CodeIgniter\CodeIgniter))
#12 C:\Users\Asus\Documents\siskeu-lab\public\index.php(56): CodeIgniter\Boot::bootWeb(Object(Config\Paths))
#13 C:\Users\Asus\Documents\siskeu-lab\system\rewrite.php(44): require_once('C:\\Users\\Asus\\D...')
#14 {main}

Next CodeIgniter\Database\Exceptions\DatabaseException: No connection could be made because the target machine actively refused it in C:\Users\Asus\Documents\siskeu-lab\system\Database\MySQLi\Connection.php:231
Stack trace:
#0 C:\Users\Asus\Documents\siskeu-lab\system\Database\BaseConnection.php(421): CodeIgniter\Database\MySQLi\Connection->connect(false)
#1 C:\Users\Asus\Documents\siskeu-lab\system\Database\BaseConnection.php(616): CodeIgniter\Database\BaseConnection->initialize()
#2 C:\Users\Asus\Documents\siskeu-lab\system\Database\BaseBuilder.php(1644): CodeIgniter\Database\BaseConnection->query('SELECT *\nFROM `...', Array, false)
#3 C:\Users\Asus\Documents\siskeu-lab\system\Model.php(286): CodeIgniter\Database\BaseBuilder->get()
#4 C:\Users\Asus\Documents\siskeu-lab\system\BaseModel.php(676): CodeIgniter\Model->doFindAll(0, 0)
#5 C:\Users\Asus\Documents\siskeu-lab\app\Controllers\PengeluaranController.php(18): CodeIgniter\BaseModel->findAll()
#6 C:\Users\Asus\Documents\siskeu-lab\system\CodeIgniter.php(933): App\Controllers\PengeluaranController->index()
#7 C:\Users\Asus\Documents\siskeu-lab\system\CodeIgniter.php(509): CodeIgniter\CodeIgniter->runController(Object(App\Controllers\PengeluaranController))
#8 C:\Users\Asus\Documents\siskeu-lab\system\CodeIgniter.php(355): CodeIgniter\CodeIgniter->handleRequest(NULL, Object(Config\Cache), false)
#9 C:\Users\Asus\Documents\siskeu-lab\system\Boot.php(325): CodeIgniter\CodeIgniter->run()
#10 C:\Users\Asus\Documents\siskeu-lab\system\Boot.php(67): CodeIgniter\Boot::runCodeIgniter(Object(CodeIgniter\CodeIgniter))
#11 C:\Users\Asus\Documents\siskeu-lab\public\index.php(56): CodeIgniter\Boot::bootWeb(Object(Config\Paths))
#12 C:\Users\Asus\Documents\siskeu-lab\system\rewrite.php(44): require_once('C:\\Users\\Asus\\D...')
#13 {main}
CRITICAL - 2024-12-02 11:58:23 --> CodeIgniter\Database\Exceptions\DatabaseException: Unable to connect to the database.
Main connection [MySQLi]: No connection could be made because the target machine actively refused it
[Method: GET, Route: pengeluaran]
in SYSTEMPATH\Database\BaseConnection.php on line 467.
 1 SYSTEMPATH\Database\BaseConnection.php(616): CodeIgniter\Database\BaseConnection->initialize()
 2 SYSTEMPATH\Database\BaseBuilder.php(1644): CodeIgniter\Database\BaseConnection->query('SELECT *
FROM `pengeluaran`', [], false)
 3 SYSTEMPATH\Model.php(286): CodeIgniter\Database\BaseBuilder->get()
 4 SYSTEMPATH\BaseModel.php(676): CodeIgniter\Model->doFindAll(0, 0)
 5 APPPATH\Controllers\PengeluaranController.php(18): CodeIgniter\BaseModel->findAll()
 6 SYSTEMPATH\CodeIgniter.php(933): App\Controllers\PengeluaranController->index()
 7 SYSTEMPATH\CodeIgniter.php(509): CodeIgniter\CodeIgniter->runController(Object(App\Controllers\PengeluaranController))
 8 SYSTEMPATH\CodeIgniter.php(355): CodeIgniter\CodeIgniter->handleRequest(null, Object(Config\Cache), false)
 9 SYSTEMPATH\Boot.php(325): CodeIgniter\CodeIgniter->run()
10 SYSTEMPATH\Boot.php(67): CodeIgniter\Boot::runCodeIgniter(Object(CodeIgniter\CodeIgniter))
11 FCPATH\index.php(56): CodeIgniter\Boot::bootWeb(Object(Config\Paths))
12 SYSTEMPATH\rewrite.php(44): require_once('C:\\Users\\Asus\\Documents\\siskeu-lab\\public\\index.php')
ERROR - 2024-12-02 12:03:02 --> Error connecting to the database: mysqli_sql_exception: No connection could be made because the target machine actively refused it in C:\Users\Asus\Documents\siskeu-lab\system\Database\MySQLi\Connection.php:186
Stack trace:
#0 C:\Users\Asus\Documents\siskeu-lab\system\Database\MySQLi\Connection.php(186): mysqli->real_connect('localhost', 'root', Object(SensitiveParameterValue), 'siskeu', 3306, '', 0)
#1 C:\Users\Asus\Documents\siskeu-lab\system\Database\BaseConnection.php(421): CodeIgniter\Database\MySQLi\Connection->connect(false)
#2 C:\Users\Asus\Documents\siskeu-lab\system\Database\BaseConnection.php(616): CodeIgniter\Database\BaseConnection->initialize()
#3 C:\Users\Asus\Documents\siskeu-lab\system\Database\BaseBuilder.php(1644): CodeIgniter\Database\BaseConnection->query('SELECT *\nFROM `...', Array, false)
#4 C:\Users\Asus\Documents\siskeu-lab\system\Model.php(286): CodeIgniter\Database\BaseBuilder->get()
#5 C:\Users\Asus\Documents\siskeu-lab\system\BaseModel.php(676): CodeIgniter\Model->doFindAll(0, 0)
#6 C:\Users\Asus\Documents\siskeu-lab\app\Controllers\PengeluaranController.php(18): CodeIgniter\BaseModel->findAll()
#7 C:\Users\Asus\Documents\siskeu-lab\system\CodeIgniter.php(933): App\Controllers\PengeluaranController->index()
#8 C:\Users\Asus\Documents\siskeu-lab\system\CodeIgniter.php(509): CodeIgniter\CodeIgniter->runController(Object(App\Controllers\PengeluaranController))
#9 C:\Users\Asus\Documents\siskeu-lab\system\CodeIgniter.php(355): CodeIgniter\CodeIgniter->handleRequest(NULL, Object(Config\Cache), false)
#10 C:\Users\Asus\Documents\siskeu-lab\system\Boot.php(325): CodeIgniter\CodeIgniter->run()
#11 C:\Users\Asus\Documents\siskeu-lab\system\Boot.php(67): CodeIgniter\Boot::runCodeIgniter(Object(CodeIgniter\CodeIgniter))
#12 C:\Users\Asus\Documents\siskeu-lab\public\index.php(56): CodeIgniter\Boot::bootWeb(Object(Config\Paths))
#13 C:\Users\Asus\Documents\siskeu-lab\system\rewrite.php(44): require_once('C:\\Users\\Asus\\D...')
#14 {main}

Next CodeIgniter\Database\Exceptions\DatabaseException: No connection could be made because the target machine actively refused it in C:\Users\Asus\Documents\siskeu-lab\system\Database\MySQLi\Connection.php:231
Stack trace:
#0 C:\Users\Asus\Documents\siskeu-lab\system\Database\BaseConnection.php(421): CodeIgniter\Database\MySQLi\Connection->connect(false)
#1 C:\Users\Asus\Documents\siskeu-lab\system\Database\BaseConnection.php(616): CodeIgniter\Database\BaseConnection->initialize()
#2 C:\Users\Asus\Documents\siskeu-lab\system\Database\BaseBuilder.php(1644): CodeIgniter\Database\BaseConnection->query('SELECT *\nFROM `...', Array, false)
#3 C:\Users\Asus\Documents\siskeu-lab\system\Model.php(286): CodeIgniter\Database\BaseBuilder->get()
#4 C:\Users\Asus\Documents\siskeu-lab\system\BaseModel.php(676): CodeIgniter\Model->doFindAll(0, 0)
#5 C:\Users\Asus\Documents\siskeu-lab\app\Controllers\PengeluaranController.php(18): CodeIgniter\BaseModel->findAll()
#6 C:\Users\Asus\Documents\siskeu-lab\system\CodeIgniter.php(933): App\Controllers\PengeluaranController->index()
#7 C:\Users\Asus\Documents\siskeu-lab\system\CodeIgniter.php(509): CodeIgniter\CodeIgniter->runController(Object(App\Controllers\PengeluaranController))
#8 C:\Users\Asus\Documents\siskeu-lab\system\CodeIgniter.php(355): CodeIgniter\CodeIgniter->handleRequest(NULL, Object(Config\Cache), false)
#9 C:\Users\Asus\Documents\siskeu-lab\system\Boot.php(325): CodeIgniter\CodeIgniter->run()
#10 C:\Users\Asus\Documents\siskeu-lab\system\Boot.php(67): CodeIgniter\Boot::runCodeIgniter(Object(CodeIgniter\CodeIgniter))
#11 C:\Users\Asus\Documents\siskeu-lab\public\index.php(56): CodeIgniter\Boot::bootWeb(Object(Config\Paths))
#12 C:\Users\Asus\Documents\siskeu-lab\system\rewrite.php(44): require_once('C:\\Users\\Asus\\D...')
#13 {main}
CRITICAL - 2024-12-02 12:03:02 --> CodeIgniter\Database\Exceptions\DatabaseException: Unable to connect to the database.
Main connection [MySQLi]: No connection could be made because the target machine actively refused it
[Method: GET, Route: pengeluaran]
in SYSTEMPATH\Database\BaseConnection.php on line 467.
 1 SYSTEMPATH\Database\BaseConnection.php(616): CodeIgniter\Database\BaseConnection->initialize()
 2 SYSTEMPATH\Database\BaseBuilder.php(1644): CodeIgniter\Database\BaseConnection->query('SELECT *
FROM `pengeluaran`', [], false)
 3 SYSTEMPATH\Model.php(286): CodeIgniter\Database\BaseBuilder->get()
 4 SYSTEMPATH\BaseModel.php(676): CodeIgniter\Model->doFindAll(0, 0)
 5 APPPATH\Controllers\PengeluaranController.php(18): CodeIgniter\BaseModel->findAll()
 6 SYSTEMPATH\CodeIgniter.php(933): App\Controllers\PengeluaranController->index()
 7 SYSTEMPATH\CodeIgniter.php(509): CodeIgniter\CodeIgniter->runController(Object(App\Controllers\PengeluaranController))
 8 SYSTEMPATH\CodeIgniter.php(355): CodeIgniter\CodeIgniter->handleRequest(null, Object(Config\Cache), false)
 9 SYSTEMPATH\Boot.php(325): CodeIgniter\CodeIgniter->run()
10 SYSTEMPATH\Boot.php(67): CodeIgniter\Boot::runCodeIgniter(Object(CodeIgniter\CodeIgniter))
11 FCPATH\index.php(56): CodeIgniter\Boot::bootWeb(Object(Config\Paths))
12 SYSTEMPATH\rewrite.php(44): require_once('C:\\Users\\Asus\\Documents\\siskeu-lab\\public\\index.php')
INFO - 2024-12-02 12:03:17 --> Session: Class initialized using 'CodeIgniter\Session\Handlers\FileHandler' driver.
INFO - 2024-12-02 12:03:20 --> Session: Class initialized using 'CodeIgniter\Session\Handlers\FileHandler' driver.
INFO - 2024-12-02 12:03:28 --> Session: Class initialized using 'CodeIgniter\Session\Handlers\FileHandler' driver.
INFO - 2024-12-02 12:05:18 --> Session: Class initialized using 'CodeIgniter\Session\Handlers\FileHandler' driver.
INFO - 2024-12-02 12:15:47 --> Session: Class initialized using 'CodeIgniter\Session\Handlers\FileHandler' driver.
INFO - 2024-12-02 12:16:49 --> Session: Class initialized using 'CodeIgniter\Session\Handlers\FileHandler' driver.
INFO - 2024-12-02 12:17:12 --> Session: Class initialized using 'CodeIgniter\Session\Handlers\FileHandler' driver.
INFO - 2024-12-02 12:17:42 --> Session: Class initialized using 'CodeIgniter\Session\Handlers\FileHandler' driver.
INFO - 2024-12-02 12:17:59 --> Session: Class initialized using 'CodeIgniter\Session\Handlers\FileHandler' driver.
INFO - 2024-12-02 12:18:17 --> Session: Class initialized using 'CodeIgniter\Session\Handlers\FileHandler' driver.
INFO - 2024-12-02 12:18:38 --> Session: Class initialized using 'CodeIgniter\Session\Handlers\FileHandler' driver.
INFO - 2024-12-02 12:18:57 --> Session: Class initialized using 'CodeIgniter\Session\Handlers\FileHandler' driver.
INFO - 2024-12-02 12:19:23 --> Session: Class initialized using 'CodeIgniter\Session\Handlers\FileHandler' driver.
INFO - 2024-12-02 12:19:38 --> Session: Class initialized using 'CodeIgniter\Session\Handlers\FileHandler' driver.
INFO - 2024-12-02 12:19:59 --> Session: Class initialized using 'CodeIgniter\Session\Handlers\FileHandler' driver.
INFO - 2024-12-02 12:23:51 --> Session: Class initialized using 'CodeIgniter\Session\Handlers\FileHandler' driver.
INFO - 2024-12-02 12:27:24 --> Session: Class initialized using 'CodeIgniter\Session\Handlers\FileHandler' driver.
INFO - 2024-12-02 12:27:27 --> Session: Class initialized using 'CodeIgniter\Session\Handlers\FileHandler' driver.
INFO - 2024-12-02 12:27:34 --> Session: Class initialized using 'CodeIgniter\Session\Handlers\FileHandler' driver.
INFO - 2024-12-02 12:27:37 --> Session: Class initialized using 'CodeIgniter\Session\Handlers\FileHandler' driver.
INFO - 2024-12-02 12:27:38 --> Session: Class initialized using 'CodeIgniter\Session\Handlers\FileHandler' driver.
INFO - 2024-12-02 12:27:41 --> Session: Class initialized using 'CodeIgniter\Session\Handlers\FileHandler' driver.
INFO - 2024-12-02 12:30:00 --> Session: Class initialized using 'CodeIgniter\Session\Handlers\FileHandler' driver.
INFO - 2024-12-02 12:30:03 --> Session: Class initialized using 'CodeIgniter\Session\Handlers\FileHandler' driver.
INFO - 2024-12-02 12:34:47 --> Session: Class initialized using 'CodeIgniter\Session\Handlers\FileHandler' driver.
INFO - 2024-12-02 12:34:49 --> Session: Class initialized using 'CodeIgniter\Session\Handlers\FileHandler' driver.
CRITICAL - 2024-12-02 12:34:51 --> Error: Object of class App\Models\Laporan could not be converted to string
[Method: GET, Route: laporan/excel]
in APPPATH\Controllers\LaporanController.php on line 57.
 1 SYSTEMPATH\CodeIgniter.php(933): App\Controllers\LaporanController->excel()
 2 SYSTEMPATH\CodeIgniter.php(509): CodeIgniter\CodeIgniter->runController(Object(App\Controllers\LaporanController))
 3 SYSTEMPATH\CodeIgniter.php(355): CodeIgniter\CodeIgniter->handleRequest(null, Object(Config\Cache), false)
 4 SYSTEMPATH\Boot.php(325): CodeIgniter\CodeIgniter->run()
 5 SYSTEMPATH\Boot.php(67): CodeIgniter\Boot::runCodeIgniter(Object(CodeIgniter\CodeIgniter))
 6 FCPATH\index.php(56): CodeIgniter\Boot::bootWeb(Object(Config\Paths))
 7 SYSTEMPATH\rewrite.php(44): require_once('C:\\Users\\Asus\\Documents\\siskeu-lab\\public\\index.php')
CRITICAL - 2024-12-02 12:37:42 --> ErrorException: Undefined property: App\Controllers\LaporanController::$model
[Method: GET, Route: laporan/excel]
in APPPATH\Controllers\LaporanController.php on line 56.
 1 APPPATH\Controllers\LaporanController.php(56): CodeIgniter\Debug\Exceptions->errorHandler(2, 'Undefined property: App\\Controllers\\LaporanController::$model', 'C:\\Users\\Asus\\Documents\\siskeu-lab\\app\\Controllers\\LaporanController.php', 56)
 2 SYSTEMPATH\CodeIgniter.php(933): App\Controllers\LaporanController->excel()
 3 SYSTEMPATH\CodeIgniter.php(509): CodeIgniter\CodeIgniter->runController(Object(App\Controllers\LaporanController))
 4 SYSTEMPATH\CodeIgniter.php(355): CodeIgniter\CodeIgniter->handleRequest(null, Object(Config\Cache), false)
 5 SYSTEMPATH\Boot.php(325): CodeIgniter\CodeIgniter->run()
 6 SYSTEMPATH\Boot.php(67): CodeIgniter\Boot::runCodeIgniter(Object(CodeIgniter\CodeIgniter))
 7 FCPATH\index.php(56): CodeIgniter\Boot::bootWeb(Object(Config\Paths))
 8 SYSTEMPATH\rewrite.php(44): require_once('C:\\Users\\Asus\\Documents\\siskeu-lab\\public\\index.php')
CRITICAL - 2024-12-02 12:42:24 --> CodeIgniter\View\Exceptions\ViewException: Invalid file: "laporan/excel.php"
[Method: GET, Route: laporan/excel]
in SYSTEMPATH\Exceptions\FrameworkException.php on line 41.
 1 SYSTEMPATH\View\View.php(222): CodeIgniter\Exceptions\FrameworkException::forInvalidFile('laporan/excel.php')
 2 SYSTEMPATH\Common.php(1171): CodeIgniter\View\View->render('laporan/excel', [], true)
 3 APPPATH\Controllers\LaporanController.php(60): view('laporan/excel', [...])
 4 SYSTEMPATH\CodeIgniter.php(933): App\Controllers\LaporanController->excel()
 5 SYSTEMPATH\CodeIgniter.php(509): CodeIgniter\CodeIgniter->runController(Object(App\Controllers\LaporanController))
 6 SYSTEMPATH\CodeIgniter.php(355): CodeIgniter\CodeIgniter->handleRequest(null, Object(Config\Cache), false)
 7 SYSTEMPATH\Boot.php(325): CodeIgniter\CodeIgniter->run()
 8 SYSTEMPATH\Boot.php(67): CodeIgniter\Boot::runCodeIgniter(Object(CodeIgniter\CodeIgniter))
 9 FCPATH\index.php(56): CodeIgniter\Boot::bootWeb(Object(Config\Paths))
10 SYSTEMPATH\rewrite.php(44): require_once('C:\\Users\\Asus\\Documents\\siskeu-lab\\public\\index.php')
INFO - 2024-12-02 12:42:58 --> Session: Class initialized using 'CodeIgniter\Session\Handlers\FileHandler' driver.
INFO - 2024-12-02 12:50:39 --> Session: Class initialized using 'CodeIgniter\Session\Handlers\FileHandler' driver.
INFO - 2024-12-02 12:51:59 --> Session: Class initialized using 'CodeIgniter\Session\Handlers\FileHandler' driver.
CRITICAL - 2024-12-02 12:52:01 --> ParseError: syntax error, unexpected end of file
[Method: GET, Route: laporan/excel]
in APPPATH\Views\VLaporan\excel.php on line 31.
 1 SYSTEMPATH\View\View.php(237): CodeIgniter\View\View->CodeIgniter\View\{closure}()
 2 SYSTEMPATH\Common.php(1171): CodeIgniter\View\View->render('vlaporan/excel', [], true)
 3 APPPATH\Controllers\LaporanController.php(60): view('vlaporan/excel', [...])
 4 SYSTEMPATH\CodeIgniter.php(933): App\Controllers\LaporanController->excel()
 5 SYSTEMPATH\CodeIgniter.php(509): CodeIgniter\CodeIgniter->runController(Object(App\Controllers\LaporanController))
 6 SYSTEMPATH\CodeIgniter.php(355): CodeIgniter\CodeIgniter->handleRequest(null, Object(Config\Cache), false)
 7 SYSTEMPATH\Boot.php(325): CodeIgniter\CodeIgniter->run()
 8 SYSTEMPATH\Boot.php(67): CodeIgniter\Boot::runCodeIgniter(Object(CodeIgniter\CodeIgniter))
 9 FCPATH\index.php(56): CodeIgniter\Boot::bootWeb(Object(Config\Paths))
10 SYSTEMPATH\rewrite.php(44): require_once('C:\\Users\\Asus\\Documents\\siskeu-lab\\public\\index.php')
CRITICAL - 2024-12-02 12:53:37 --> ParseError: syntax error, unexpected end of file
[Method: GET, Route: laporan/excel]
in APPPATH\Views\VLaporan\excel.php on line 31.
 1 SYSTEMPATH\View\View.php(237): CodeIgniter\View\View->CodeIgniter\View\{closure}()
 2 SYSTEMPATH\Common.php(1171): CodeIgniter\View\View->render('vlaporan/excel', [], true)
 3 APPPATH\Controllers\LaporanController.php(60): view('vlaporan/excel', [...])
 4 SYSTEMPATH\CodeIgniter.php(933): App\Controllers\LaporanController->excel()
 5 SYSTEMPATH\CodeIgniter.php(509): CodeIgniter\CodeIgniter->runController(Object(App\Controllers\LaporanController))
 6 SYSTEMPATH\CodeIgniter.php(355): CodeIgniter\CodeIgniter->handleRequest(null, Object(Config\Cache), false)
 7 SYSTEMPATH\Boot.php(325): CodeIgniter\CodeIgniter->run()
 8 SYSTEMPATH\Boot.php(67): CodeIgniter\Boot::runCodeIgniter(Object(CodeIgniter\CodeIgniter))
 9 FCPATH\index.php(56): CodeIgniter\Boot::bootWeb(Object(Config\Paths))
10 SYSTEMPATH\rewrite.php(44): require_once('C:\\Users\\Asus\\Documents\\siskeu-lab\\public\\index.php')
CRITICAL - 2024-12-02 12:54:50 --> ParseError: syntax error, unexpected end of file
[Method: GET, Route: laporan/excel]
in APPPATH\Views\VLaporan\excel.php on line 31.
 1 SYSTEMPATH\View\View.php(237): CodeIgniter\View\View->CodeIgniter\View\{closure}()
 2 SYSTEMPATH\Common.php(1171): CodeIgniter\View\View->render('vlaporan/excel', [], true)
 3 APPPATH\Controllers\LaporanController.php(60): view('vlaporan/excel', [...])
 4 SYSTEMPATH\CodeIgniter.php(933): App\Controllers\LaporanController->excel()
 5 SYSTEMPATH\CodeIgniter.php(509): CodeIgniter\CodeIgniter->runController(Object(App\Controllers\LaporanController))
 6 SYSTEMPATH\CodeIgniter.php(355): CodeIgniter\CodeIgniter->handleRequest(null, Object(Config\Cache), false)
 7 SYSTEMPATH\Boot.php(325): CodeIgniter\CodeIgniter->run()
 8 SYSTEMPATH\Boot.php(67): CodeIgniter\Boot::runCodeIgniter(Object(CodeIgniter\CodeIgniter))
 9 FCPATH\index.php(56): CodeIgniter\Boot::bootWeb(Object(Config\Paths))
10 SYSTEMPATH\rewrite.php(44): require_once('C:\\Users\\Asus\\Documents\\siskeu-lab\\public\\index.php')
CRITICAL - 2024-12-02 13:11:31 --> ParseError: syntax error, unexpected end of file
[Method: GET, Route: laporan/excel]
in APPPATH\Views\VLaporan\excel.php on line 31.
 1 SYSTEMPATH\View\View.php(237): CodeIgniter\View\View->CodeIgniter\View\{closure}()
 2 SYSTEMPATH\Common.php(1171): CodeIgniter\View\View->render('vlaporan/excel', [], true)
 3 APPPATH\Controllers\LaporanController.php(60): view('vlaporan/excel', [...])
 4 SYSTEMPATH\CodeIgniter.php(933): App\Controllers\LaporanController->excel()
 5 SYSTEMPATH\CodeIgniter.php(509): CodeIgniter\CodeIgniter->runController(Object(App\Controllers\LaporanController))
 6 SYSTEMPATH\CodeIgniter.php(355): CodeIgniter\CodeIgniter->handleRequest(null, Object(Config\Cache), false)
 7 SYSTEMPATH\Boot.php(325): CodeIgniter\CodeIgniter->run()
 8 SYSTEMPATH\Boot.php(67): CodeIgniter\Boot::runCodeIgniter(Object(CodeIgniter\CodeIgniter))
 9 FCPATH\index.php(56): CodeIgniter\Boot::bootWeb(Object(Config\Paths))
10 SYSTEMPATH\rewrite.php(44): require_once('C:\\Users\\Asus\\Documents\\siskeu-lab\\public\\index.php')
CRITICAL - 2024-12-02 13:11:34 --> ParseError: syntax error, unexpected end of file
[Method: GET, Route: laporan/excel]
in APPPATH\Views\VLaporan\excel.php on line 31.
 1 SYSTEMPATH\View\View.php(237): CodeIgniter\View\View->CodeIgniter\View\{closure}()
 2 SYSTEMPATH\Common.php(1171): CodeIgniter\View\View->render('vlaporan/excel', [], true)
 3 APPPATH\Controllers\LaporanController.php(60): view('vlaporan/excel', [...])
 4 SYSTEMPATH\CodeIgniter.php(933): App\Controllers\LaporanController->excel()
 5 SYSTEMPATH\CodeIgniter.php(509): CodeIgniter\CodeIgniter->runController(Object(App\Controllers\LaporanController))
 6 SYSTEMPATH\CodeIgniter.php(355): CodeIgniter\CodeIgniter->handleRequest(null, Object(Config\Cache), false)
 7 SYSTEMPATH\Boot.php(325): CodeIgniter\CodeIgniter->run()
 8 SYSTEMPATH\Boot.php(67): CodeIgniter\Boot::runCodeIgniter(Object(CodeIgniter\CodeIgniter))
 9 FCPATH\index.php(56): CodeIgniter\Boot::bootWeb(Object(Config\Paths))
10 SYSTEMPATH\rewrite.php(44): require_once('C:\\Users\\Asus\\Documents\\siskeu-lab\\public\\index.php')
INFO - 2024-12-02 13:11:39 --> Session: Class initialized using 'CodeIgniter\Session\Handlers\FileHandler' driver.
CRITICAL - 2024-12-02 13:11:41 --> ParseError: syntax error, unexpected end of file
[Method: GET, Route: laporan/excel]
in APPPATH\Views\VLaporan\excel.php on line 31.
 1 SYSTEMPATH\View\View.php(237): CodeIgniter\View\View->CodeIgniter\View\{closure}()
 2 SYSTEMPATH\Common.php(1171): CodeIgniter\View\View->render('vlaporan/excel', [], true)
 3 APPPATH\Controllers\LaporanController.php(60): view('vlaporan/excel', [...])
 4 SYSTEMPATH\CodeIgniter.php(933): App\Controllers\LaporanController->excel()
 5 SYSTEMPATH\CodeIgniter.php(509): CodeIgniter\CodeIgniter->runController(Object(App\Controllers\LaporanController))
 6 SYSTEMPATH\CodeIgniter.php(355): CodeIgniter\CodeIgniter->handleRequest(null, Object(Config\Cache), false)
 7 SYSTEMPATH\Boot.php(325): CodeIgniter\CodeIgniter->run()
 8 SYSTEMPATH\Boot.php(67): CodeIgniter\Boot::runCodeIgniter(Object(CodeIgniter\CodeIgniter))
 9 FCPATH\index.php(56): CodeIgniter\Boot::bootWeb(Object(Config\Paths))
10 SYSTEMPATH\rewrite.php(44): require_once('C:\\Users\\Asus\\Documents\\siskeu-lab\\public\\index.php')
CRITICAL - 2024-12-02 13:14:58 --> ParseError: syntax error, unexpected end of file
[Method: GET, Route: laporan/excel]
in APPPATH\Views\VLaporan\excel.php on line 31.
 1 SYSTEMPATH\View\View.php(237): CodeIgniter\View\View->CodeIgniter\View\{closure}()
 2 SYSTEMPATH\Common.php(1171): CodeIgniter\View\View->render('vlaporan/excel', [], true)
 3 APPPATH\Controllers\LaporanController.php(60): view('vlaporan/excel', [...])
 4 SYSTEMPATH\CodeIgniter.php(933): App\Controllers\LaporanController->excel()
 5 SYSTEMPATH\CodeIgniter.php(509): CodeIgniter\CodeIgniter->runController(Object(App\Controllers\LaporanController))
 6 SYSTEMPATH\CodeIgniter.php(355): CodeIgniter\CodeIgniter->handleRequest(null, Object(Config\Cache), false)
 7 SYSTEMPATH\Boot.php(325): CodeIgniter\CodeIgniter->run()
 8 SYSTEMPATH\Boot.php(67): CodeIgniter\Boot::runCodeIgniter(Object(CodeIgniter\CodeIgniter))
 9 FCPATH\index.php(56): CodeIgniter\Boot::bootWeb(Object(Config\Paths))
10 SYSTEMPATH\rewrite.php(44): require_once('C:\\Users\\Asus\\Documents\\siskeu-lab\\public\\index.php')
CRITICAL - 2024-12-02 13:15:26 --> ParseError: syntax error, unexpected end of file
[Method: GET, Route: laporan/excel]
in APPPATH\Views\VLaporan\excel.php on line 31.
 1 SYSTEMPATH\View\View.php(237): CodeIgniter\View\View->CodeIgniter\View\{closure}()
 2 SYSTEMPATH\Common.php(1171): CodeIgniter\View\View->render('vlaporan/excel', [], true)
 3 APPPATH\Controllers\LaporanController.php(60): view('vlaporan/excel', [...])
 4 SYSTEMPATH\CodeIgniter.php(933): App\Controllers\LaporanController->excel()
 5 SYSTEMPATH\CodeIgniter.php(509): CodeIgniter\CodeIgniter->runController(Object(App\Controllers\LaporanController))
 6 SYSTEMPATH\CodeIgniter.php(355): CodeIgniter\CodeIgniter->handleRequest(null, Object(Config\Cache), false)
 7 SYSTEMPATH\Boot.php(325): CodeIgniter\CodeIgniter->run()
 8 SYSTEMPATH\Boot.php(67): CodeIgniter\Boot::runCodeIgniter(Object(CodeIgniter\CodeIgniter))
 9 FCPATH\index.php(56): CodeIgniter\Boot::bootWeb(Object(Config\Paths))
10 SYSTEMPATH\rewrite.php(44): require_once('C:\\Users\\Asus\\Documents\\siskeu-lab\\public\\index.php')
CRITICAL - 2024-12-02 13:17:18 --> Error: Call to a member function getResultArray() on array
[Method: GET, Route: laporan/excel]
in APPPATH\Views\VLaporan\excel.php on line 20.
 1 SYSTEMPATH\View\View.php(234): include()
 2 SYSTEMPATH\View\View.php(237): CodeIgniter\View\View->CodeIgniter\View\{closure}()
 3 SYSTEMPATH\Common.php(1171): CodeIgniter\View\View->render('vlaporan/excel', [], true)
 4 APPPATH\Controllers\LaporanController.php(60): view('vlaporan/excel', [...])
 5 SYSTEMPATH\CodeIgniter.php(933): App\Controllers\LaporanController->excel()
 6 SYSTEMPATH\CodeIgniter.php(509): CodeIgniter\CodeIgniter->runController(Object(App\Controllers\LaporanController))
 7 SYSTEMPATH\CodeIgniter.php(355): CodeIgniter\CodeIgniter->handleRequest(null, Object(Config\Cache), false)
 8 SYSTEMPATH\Boot.php(325): CodeIgniter\CodeIgniter->run()
 9 SYSTEMPATH\Boot.php(67): CodeIgniter\Boot::runCodeIgniter(Object(CodeIgniter\CodeIgniter))
10 FCPATH\index.php(56): CodeIgniter\Boot::bootWeb(Object(Config\Paths))
11 SYSTEMPATH\rewrite.php(44): require_once('C:\\Users\\Asus\\Documents\\siskeu-lab\\public\\index.php')
CRITICAL - 2024-12-02 13:17:32 --> Error: Call to a member function getResultArray() on array
[Method: GET, Route: laporan/excel]
in APPPATH\Views\VLaporan\excel.php on line 20.
 1 SYSTEMPATH\View\View.php(234): include()
 2 SYSTEMPATH\View\View.php(237): CodeIgniter\View\View->CodeIgniter\View\{closure}()
 3 SYSTEMPATH\Common.php(1171): CodeIgniter\View\View->render('vlaporan/excel', [], true)
 4 APPPATH\Controllers\LaporanController.php(60): view('vlaporan/excel', [...])
 5 SYSTEMPATH\CodeIgniter.php(933): App\Controllers\LaporanController->excel()
 6 SYSTEMPATH\CodeIgniter.php(509): CodeIgniter\CodeIgniter->runController(Object(App\Controllers\LaporanController))
 7 SYSTEMPATH\CodeIgniter.php(355): CodeIgniter\CodeIgniter->handleRequest(null, Object(Config\Cache), false)
 8 SYSTEMPATH\Boot.php(325): CodeIgniter\CodeIgniter->run()
 9 SYSTEMPATH\Boot.php(67): CodeIgniter\Boot::runCodeIgniter(Object(CodeIgniter\CodeIgniter))
10 FCPATH\index.php(56): CodeIgniter\Boot::bootWeb(Object(Config\Paths))
11 SYSTEMPATH\rewrite.php(44): require_once('C:\\Users\\Asus\\Documents\\siskeu-lab\\public\\index.php')
CRITICAL - 2024-12-02 13:18:42 --> Error: Call to a member function getResultArray() on array
[Method: GET, Route: laporan/excel]
in APPPATH\Views\VLaporan\excel.php on line 20.
 1 SYSTEMPATH\View\View.php(234): include()
 2 SYSTEMPATH\View\View.php(237): CodeIgniter\View\View->CodeIgniter\View\{closure}()
 3 SYSTEMPATH\Common.php(1171): CodeIgniter\View\View->render('vlaporan/excel', [], true)
 4 APPPATH\Controllers\LaporanController.php(60): view('vlaporan/excel', [...])
 5 SYSTEMPATH\CodeIgniter.php(933): App\Controllers\LaporanController->excel()
 6 SYSTEMPATH\CodeIgniter.php(509): CodeIgniter\CodeIgniter->runController(Object(App\Controllers\LaporanController))
 7 SYSTEMPATH\CodeIgniter.php(355): CodeIgniter\CodeIgniter->handleRequest(null, Object(Config\Cache), false)
 8 SYSTEMPATH\Boot.php(325): CodeIgniter\CodeIgniter->run()
 9 SYSTEMPATH\Boot.php(67): CodeIgniter\Boot::runCodeIgniter(Object(CodeIgniter\CodeIgniter))
10 FCPATH\index.php(56): CodeIgniter\Boot::bootWeb(Object(Config\Paths))
11 SYSTEMPATH\rewrite.php(44): require_once('C:\\Users\\Asus\\Documents\\siskeu-lab\\public\\index.php')
INFO - 2024-12-02 13:18:44 --> Session: Class initialized using 'CodeIgniter\Session\Handlers\FileHandler' driver.
INFO - 2024-12-02 13:18:46 --> Session: Class initialized using 'CodeIgniter\Session\Handlers\FileHandler' driver.
INFO - 2024-12-02 13:18:47 --> Session: Class initialized using 'CodeIgniter\Session\Handlers\FileHandler' driver.
INFO - 2024-12-02 13:18:48 --> Session: Class initialized using 'CodeIgniter\Session\Handlers\FileHandler' driver.
INFO - 2024-12-02 13:18:50 --> Session: Class initialized using 'CodeIgniter\Session\Handlers\FileHandler' driver.
INFO - 2024-12-02 13:18:58 --> Session: Class initialized using 'CodeIgniter\Session\Handlers\FileHandler' driver.
CRITICAL - 2024-12-02 13:19:00 --> Error: Call to a member function getResultArray() on array
[Method: GET, Route: laporan/excel]
in APPPATH\Views\VLaporan\excel.php on line 20.
 1 SYSTEMPATH\View\View.php(234): include()
 2 SYSTEMPATH\View\View.php(237): CodeIgniter\View\View->CodeIgniter\View\{closure}()
 3 SYSTEMPATH\Common.php(1171): CodeIgniter\View\View->render('vlaporan/excel', [], true)
 4 APPPATH\Controllers\LaporanController.php(60): view('vlaporan/excel', [...])
 5 SYSTEMPATH\CodeIgniter.php(933): App\Controllers\LaporanController->excel()
 6 SYSTEMPATH\CodeIgniter.php(509): CodeIgniter\CodeIgniter->runController(Object(App\Controllers\LaporanController))
 7 SYSTEMPATH\CodeIgniter.php(355): CodeIgniter\CodeIgniter->handleRequest(null, Object(Config\Cache), false)
 8 SYSTEMPATH\Boot.php(325): CodeIgniter\CodeIgniter->run()
 9 SYSTEMPATH\Boot.php(67): CodeIgniter\Boot::runCodeIgniter(Object(CodeIgniter\CodeIgniter))
10 FCPATH\index.php(56): CodeIgniter\Boot::bootWeb(Object(Config\Paths))
11 SYSTEMPATH\rewrite.php(44): require_once('C:\\Users\\Asus\\Documents\\siskeu-lab\\public\\index.php')
INFO - 2024-12-02 15:51:01 --> Session: Class initialized using 'CodeIgniter\Session\Handlers\FileHandler' driver.
